<?xml version="1.0" encoding="UTF-8"?>
<!-- Generated by org.testng.reporters.JUnitReportReporter -->
<testsuite hostname="DESKTOP-5R2FMKK" failures="0" tests="1" name="SeleniumAutomation.Tests.LoginApplicationTest" time="7.576" errors="0" timestamp="2024-09-15T01:45:28 IST" skipped="0">
  <testcase classname="SeleniumAutomation.Tests.LoginApplicationTest" name="loginApplication" time="7.576"/>
  <system-out/>
</testsuite> <!-- SeleniumAutomation.Tests.LoginApplicationTest -->
