<?xml version="1.0" encoding="UTF-8"?>
<!-- Generated by org.testng.reporters.JUnitReportReporter -->
<testsuite hostname="DESKTOP-5R2FMKK" failures="0" tests="2" name="SeleniumAutomation.Tests.ProductCatalogueTest" time="23.003" errors="0" timestamp="2024-09-15T01:52:56 IST" skipped="0">
  <testcase classname="SeleniumAutomation.Tests.ProductCatalogueTest" name="loginApplication" time="9.620"/>
  <system-out/>
  <testcase classname="SeleniumAutomation.Tests.ProductCatalogueTest" name="addToCart" time="13.383"/>
  <system-out/>
</testsuite> <!-- SeleniumAutomation.Tests.ProductCatalogueTest -->
