<?xml version="1.0" encoding="UTF-8"?>
<!-- Generated by org.testng.reporters.JUnitReportReporter -->
<testsuite hostname="DESKTOP-5R2FMKK" failures="0" tests="1" name="SeleniumAutomation.TestPractice.LoginApplication" time="0.010" errors="0" timestamp="2024-08-23T01:04:40 IST" skipped="0">
  <testcase classname="SeleniumAutomation.TestPractice.LoginApplication" name="Login" time="0.010"/>
  <system-out/>
</testsuite> <!-- SeleniumAutomation.TestPractice.LoginApplication -->
