<?xml version="1.0" encoding="UTF-8"?>
<!-- Generated by org.testng.reporters.JUnitReportReporter -->
<testsuite hostname="DESKTOP-5R2FMKK" failures="0" tests="2" name="SeleniumAutomation.TestPractice.TestLoginApplication" time="0.006" errors="0" timestamp="2024-08-23T01:33:23 IST" skipped="0">
  <testcase classname="SeleniumAutomation.TestPractice.TestLoginApplication" name="LoginAgaian" time="0.000"/>
  <testcase classname="SeleniumAutomation.TestPractice.TestLoginApplication" name="Login" time="0.006"/>
</testsuite> <!-- SeleniumAutomation.TestPractice.TestLoginApplication -->
